TN:
SF:content.js
FN:8,initVoices
FN:9,(anonymous_1)
FN:10,(anonymous_2)
FN:12,(anonymous_3)
FN:38,(anonymous_4)
FN:44,translatePage
FN:111,(anonymous_6)
FN:134,(anonymous_7)
FN:143,(anonymous_8)
FN:165,extractMainContent
FN:235,(anonymous_10)
FN:237,(anonymous_11)
FN:287,(anonymous_12)
FN:288,(anonymous_13)
FN:301,(anonymous_14)
FN:303,(anonymous_15)
FN:310,(anonymous_16)
FN:316,(anonymous_17)
FN:327,createLoadingIndicator
FN:344,translateText
FN:406,getPromptForDifficulty
FN:452,formatContent
FN:467,(anonymous_22)
FN:501,(anonymous_23)
FN:507,(anonymous_24)
FN:513,(anonymous_25)
FN:521,(anonymous_26)
FN:547,speakText
FN:566,(anonymous_28)
FN:575,isInBlockElement
FN:587,showNotification
FN:631,(anonymous_31)
FN:633,(anonymous_32)
FN:637,(anonymous_33)
FNF:34
FNH:19
FNDA:2,initVoices
FNDA:2,(anonymous_1)
FNDA:1,(anonymous_2)
FNDA:1,(anonymous_3)
FNDA:0,(anonymous_4)
FNDA:0,translatePage
FNDA:0,(anonymous_6)
FNDA:0,(anonymous_7)
FNDA:0,(anonymous_8)
FNDA:6,extractMainContent
FNDA:318,(anonymous_10)
FNDA:2,(anonymous_11)
FNDA:6,(anonymous_12)
FNDA:11,(anonymous_13)
FNDA:6,(anonymous_14)
FNDA:2,(anonymous_15)
FNDA:1,(anonymous_16)
FNDA:5,(anonymous_17)
FNDA:0,createLoadingIndicator
FNDA:8,translateText
FNDA:7,getPromptForDifficulty
FNDA:5,formatContent
FNDA:5,(anonymous_22)
FNDA:0,(anonymous_23)
FNDA:0,(anonymous_24)
FNDA:0,(anonymous_25)
FNDA:0,(anonymous_26)
FNDA:3,speakText
FNDA:0,(anonymous_28)
FNDA:0,isInBlockElement
FNDA:2,showNotification
FNDA:0,(anonymous_31)
FNDA:0,(anonymous_32)
FNDA:0,(anonymous_33)
DA:2,1
DA:5,1
DA:6,1
DA:9,2
DA:10,2
DA:11,1
DA:12,1
DA:13,1
DA:17,1
DA:18,1
DA:22,2
DA:23,2
DA:27,2
DA:28,2
DA:29,1
DA:35,1
DA:38,1
DA:39,0
DA:40,0
DA:46,0
DA:47,0
DA:49,0
DA:51,0
DA:52,0
DA:53,0
DA:54,0
DA:57,0
DA:60,0
DA:61,0
DA:62,0
DA:63,0
DA:77,0
DA:78,0
DA:80,0
DA:81,0
DA:84,0
DA:87,0
DA:97,0
DA:98,0
DA:99,0
DA:100,0
DA:103,0
DA:105,0
DA:107,0
DA:112,0
DA:113,0
DA:119,0
DA:121,0
DA:122,0
DA:125,0
DA:126,0
DA:127,0
DA:131,0
DA:132,0
DA:133,0
DA:134,0
DA:136,0
DA:138,0
DA:139,0
DA:140,0
DA:143,0
DA:144,0
DA:145,0
DA:149,0
DA:150,0
DA:151,0
DA:155,0
DA:157,0
DA:158,0
DA:161,0
DA:167,6
DA:170,6
DA:171,6
DA:174,6
DA:196,6
DA:235,6
DA:236,318
DA:237,318
DA:241,6
DA:242,6
DA:245,6
DA:246,18
DA:247,0
DA:248,0
DA:249,0
DA:251,0
DA:256,6
DA:257,6
DA:271,6
DA:272,16
DA:273,16
DA:278,6
DA:279,1
DA:280,1
DA:284,6
DA:287,6
DA:288,6
DA:289,11
DA:290,11
DA:291,11
DA:292,11
DA:293,1
DA:298,6
DA:301,6
DA:302,6
DA:303,6
DA:306,6
DA:309,6
DA:310,6
DA:311,1
DA:312,1
DA:313,1
DA:315,1
DA:316,5
DA:317,1
DA:324,6
DA:328,0
DA:329,0
DA:340,0
DA:341,0
DA:346,8
DA:347,8
DA:348,1
DA:349,1
DA:352,7
DA:353,7
DA:355,7
DA:357,7
DA:359,7
DA:360,1
DA:363,6
DA:386,6
DA:388,6
DA:389,1
DA:392,5
DA:395,5
DA:396,5
DA:398,5
DA:400,2
DA:401,2
DA:402,2
DA:407,7
DA:409,5
DA:422,1
DA:435,1
DA:448,0
DA:453,5
DA:454,5
DA:457,5
DA:458,5
DA:466,5
DA:467,5
DA:468,5
DA:469,5
DA:480,5
DA:481,5
DA:482,5
DA:483,5
DA:501,5
DA:502,0
DA:503,0
DA:504,0
DA:507,5
DA:508,0
DA:509,0
DA:510,0
DA:513,5
DA:515,0
DA:516,0
DA:520,0
DA:521,0
DA:522,0
DA:525,0
DA:526,0
DA:529,5
DA:530,5
DA:539,5
DA:540,5
DA:541,5
DA:544,5
DA:549,3
DA:552,3
DA:555,3
DA:556,3
DA:557,3
DA:558,3
DA:561,3
DA:562,3
DA:566,3
DA:567,0
DA:568,0
DA:572,3
DA:576,0
DA:577,0
DA:578,0
DA:579,0
DA:580,0
DA:582,0
DA:584,0
DA:588,2
DA:589,2
DA:604,2
DA:605,2
DA:606,2
DA:608,0
DA:609,0
DA:612,2
DA:615,2
DA:616,2
DA:628,2
DA:631,2
DA:632,0
DA:633,0
DA:637,2
DA:638,0
DA:641,2
LF:216
LH:127
BRDA:13,0,0,1
BRDA:13,0,1,0
BRDA:13,0,2,0
BRDA:22,1,0,2
BRDA:22,1,1,0
BRDA:28,2,0,1
BRDA:28,2,1,1
BRDA:39,3,0,0
BRDA:39,3,1,0
BRDA:52,4,0,0
BRDA:52,4,1,0
BRDA:80,5,0,0
BRDA:80,5,1,0
BRDA:80,6,0,0
BRDA:80,6,1,0
BRDA:113,7,0,0
BRDA:113,7,1,0
BRDA:113,8,0,0
BRDA:113,8,1,0
BRDA:126,9,0,0
BRDA:126,9,1,0
BRDA:144,10,0,0
BRDA:144,10,1,0
BRDA:246,11,0,0
BRDA:246,11,1,18
BRDA:249,12,0,0
BRDA:249,12,1,0
BRDA:251,13,0,0
BRDA:251,13,1,0
BRDA:256,14,0,6
BRDA:256,14,1,0
BRDA:273,15,0,5
BRDA:273,15,1,11
BRDA:278,16,0,1
BRDA:278,16,1,5
BRDA:292,17,0,1
BRDA:292,17,1,10
BRDA:292,18,0,11
BRDA:292,18,1,1
BRDA:292,18,2,1
BRDA:311,19,0,1
BRDA:311,19,1,0
BRDA:347,20,0,1
BRDA:347,20,1,7
BRDA:359,21,0,1
BRDA:359,21,1,6
BRDA:388,22,0,1
BRDA:388,22,1,5
BRDA:389,23,0,1
BRDA:389,23,1,0
BRDA:407,24,0,5
BRDA:407,24,1,1
BRDA:407,24,2,1
BRDA:407,24,3,0
BRDA:515,25,0,0
BRDA:515,25,1,0
BRDA:561,26,0,3
BRDA:561,26,1,0
BRDA:579,27,0,0
BRDA:579,27,1,0
BRDA:587,28,0,0
BRDA:604,29,0,2
BRDA:604,29,1,0
BRF:63
BRH:28
end_of_record
